!SESSION 2025-11-21 19:25:36.560 -----------------------------------------------
eclipse.buildId=unknown
java.version=22.0.2
java.vendor=Oracle Corporation
BootLoader constants: OS=win32, ARCH=x86_64, WS=win32, NL=fr_FR
Framework arguments:  -input @../../AutosarModel/AutosarDescriptions.lst -generate gmock_ext_config -gmock_ext_output_path ../../test_rte/generated -gmock_ext_config_file ../Config/GMockGenerator.config -skipMerge -continueOnError -v 40 -allTypes -implicitCompositions -components SwcLceComManager
Command-line arguments:  -input @../../AutosarModel/AutosarDescriptions.lst -generate gmock_ext_config -gmock_ext_output_path ../../test_rte/generated -gmock_ext_config_file ../Config/GMockGenerator.config -skipMerge -continueOnError -v 40 -allTypes -implicitCompositions -components SwcLceComManager

!ENTRY de.bmw.arunit.cs.generator 4 0 2025-11-21 19:25:37.270
!MESSAGE FrameworkEvent ERROR
!STACK 0
org.osgi.framework.BundleException: Could not resolve module: de.bmw.arunit.cs.generator [5]
  Unresolved requirement: Require-Bundle: org.artop.arunit.rte; bundle-version="0.11.9"
    -> Bundle-SymbolicName: org.artop.arunit.rte; bundle-version="0.11.9.202102121433"; singleton:="true"
       org.artop.arunit.rte [44]
         Unresolved requirement: Require-Capability: osgi.ee; filter:="(&(osgi.ee=JavaSE)(version=1.8))"

	at org.eclipse.osgi.container.Module.start(Module.java:434)
	at org.eclipse.osgi.container.ModuleContainer$ContainerStartLevel.incStartLevel(ModuleContainer.java:1582)
	at org.eclipse.osgi.container.ModuleContainer$ContainerStartLevel.incStartLevel(ModuleContainer.java:1561)
	at org.eclipse.osgi.container.ModuleContainer$ContainerStartLevel.doContainerStartLevel(ModuleContainer.java:1533)
	at org.eclipse.osgi.container.ModuleContainer$ContainerStartLevel.dispatchEvent(ModuleContainer.java:1476)
	at org.eclipse.osgi.container.ModuleContainer$ContainerStartLevel.dispatchEvent(ModuleContainer.java:1)
	at org.eclipse.osgi.framework.eventmgr.EventManager.dispatchEvent(EventManager.java:230)
	at org.eclipse.osgi.framework.eventmgr.EventManager$EventThread.run(EventManager.java:340)

!ENTRY org.artop.aal.autosar21 4 0 2025-11-21 19:25:37.278
!MESSAGE FrameworkEvent ERROR
!STACK 0
org.osgi.framework.BundleException: Could not resolve module: org.artop.aal.autosar21 [23]
  Unresolved requirement: Require-Bundle: org.artop.aal.autosar215; visibility:="reexport"
    -> Bundle-SymbolicName: org.artop.aal.autosar215; bundle-version="4.5.0.201510160945"; singleton:="true"
       org.artop.aal.autosar215 [24]
         Unresolved requirement: Require-Bundle: org.artop.aal.serialization; visibility:="reexport"
           -> Bundle-SymbolicName: org.artop.aal.serialization; bundle-version="4.5.0.201510160945"; singleton:="true"
              org.artop.aal.serialization [38]
                Unresolved requirement: Require-Bundle: org.artop.aal.common; visibility:="reexport"
                  -> Bundle-SymbolicName: org.artop.aal.common; bundle-version="4.5.0.201510160945"; singleton:="true"
                     org.artop.aal.common [34]
                       Unresolved requirement: Require-Bundle: org.eclipse.sphinx.emf; visibility:="reexport"
                         -> Bundle-SymbolicName: org.eclipse.sphinx.emf; bundle-version="0.9.1.201509170812"; singleton:="true"
                            org.eclipse.sphinx.emf [93]
                              Unresolved requirement: Require-Bundle: org.eclipse.sphinx.platform; visibility:="reexport"
                                -> Bundle-SymbolicName: org.eclipse.sphinx.platform; bundle-version="0.9.1.201509170812"; singleton:="true"
                                   org.eclipse.sphinx.platform [96]
                                     Unresolved requirement: Require-Capability: osgi.ee; filter:="(&(osgi.ee=JavaSE)(version=1.7))"

	at org.eclipse.osgi.container.Module.start(Module.java:434)
	at org.eclipse.osgi.container.ModuleContainer$ContainerStartLevel.incStartLevel(ModuleContainer.java:1582)
	at org.eclipse.osgi.container.ModuleContainer$ContainerStartLevel.incStartLevel(ModuleContainer.java:1561)
	at org.eclipse.osgi.container.ModuleContainer$ContainerStartLevel.doContainerStartLevel(ModuleContainer.java:1533)
	at org.eclipse.osgi.container.ModuleContainer$ContainerStartLevel.dispatchEvent(ModuleContainer.java:1476)
	at org.eclipse.osgi.container.ModuleContainer$ContainerStartLevel.dispatchEvent(ModuleContainer.java:1)
	at org.eclipse.osgi.framework.eventmgr.EventManager.dispatchEvent(EventManager.java:230)
	at org.eclipse.osgi.framework.eventmgr.EventManager$EventThread.run(EventManager.java:340)

!ENTRY org.artop.aal.autosar215 4 0 2025-11-21 19:25:37.282
!MESSAGE FrameworkEvent ERROR
!STACK 0
org.osgi.framework.BundleException: Could not resolve module: org.artop.aal.autosar215 [24]
  Unresolved requirement: Require-Bundle: org.artop.aal.serialization; visibility:="reexport"
    -> Bundle-SymbolicName: org.artop.aal.serialization; bundle-version="4.5.0.201510160945"; singleton:="true"
       org.artop.aal.serialization [38]
         Unresolved requirement: Require-Bundle: org.artop.aal.common; visibility:="reexport"
           -> Bundle-SymbolicName: org.artop.aal.common; bundle-version="4.5.0.201510160945"; singleton:="true"
              org.artop.aal.common [34]
                Unresolved requirement: Require-Bundle: org.eclipse.sphinx.emf; visibility:="reexport"
                  -> Bundle-SymbolicName: org.eclipse.sphinx.emf; bundle-version="0.9.1.201509170812"; singleton:="true"
                     org.eclipse.sphinx.emf [93]
                       Unresolved requirement: Require-Bundle: org.eclipse.sphinx.platform; visibility:="reexport"
                         -> Bundle-SymbolicName: org.eclipse.sphinx.platform; bundle-version="0.9.1.201509170812"; singleton:="true"
                            org.eclipse.sphinx.platform [96]
                              Unresolved requirement: Require-Capability: osgi.ee; filter:="(&(osgi.ee=JavaSE)(version=1.7))"

	at org.eclipse.osgi.container.Module.start(Module.java:434)
	at org.eclipse.osgi.container.ModuleContainer$ContainerStartLevel.incStartLevel(ModuleContainer.java:1582)
	at org.eclipse.osgi.container.ModuleContainer$ContainerStartLevel.incStartLevel(ModuleContainer.java:1561)
	at org.eclipse.osgi.container.ModuleContainer$ContainerStartLevel.doContainerStartLevel(ModuleContainer.java:1533)
	at org.eclipse.osgi.container.ModuleContainer$ContainerStartLevel.dispatchEvent(ModuleContainer.java:1476)
	at org.eclipse.osgi.container.ModuleContainer$ContainerStartLevel.dispatchEvent(ModuleContainer.java:1)
	at org.eclipse.osgi.framework.eventmgr.EventManager.dispatchEvent(EventManager.java:230)
	at org.eclipse.osgi.framework.eventmgr.EventManager$EventThread.run(EventManager.java:340)

!ENTRY org.artop.aal.autosar322 4 0 2025-11-21 19:25:37.286
!MESSAGE FrameworkEvent ERROR
!STACK 0
org.osgi.framework.BundleException: Could not resolve module: org.artop.aal.autosar322 [25]
  Unresolved requirement: Require-Bundle: org.artop.aal.serialization; visibility:="reexport"
    -> Bundle-SymbolicName: org.artop.aal.serialization; bundle-version="4.5.0.201510160945"; singleton:="true"
       org.artop.aal.serialization [38]
         Unresolved requirement: Require-Bundle: org.artop.aal.common; visibility:="reexport"
           -> Bundle-SymbolicName: org.artop.aal.common; bundle-version="4.5.0.201510160945"; singleton:="true"
              org.artop.aal.common [34]
                Unresolved requirement: Require-Bundle: org.eclipse.sphinx.emf; visibility:="reexport"
                  -> Bundle-SymbolicName: org.eclipse.sphinx.emf; bundle-version="0.9.1.201509170812"; singleton:="true"
                     org.eclipse.sphinx.emf [93]
                       Unresolved requirement: Require-Bundle: org.eclipse.sphinx.platform; visibility:="reexport"
                         -> Bundle-SymbolicName: org.eclipse.sphinx.platform; bundle-version="0.9.1.201509170812"; singleton:="true"
                            org.eclipse.sphinx.platform [96]
                              Unresolved requirement: Require-Capability: osgi.ee; filter:="(&(osgi.ee=JavaSE)(version=1.7))"

	at org.eclipse.osgi.container.Module.start(Module.java:434)
	at org.eclipse.osgi.container.ModuleContainer$ContainerStartLevel.incStartLevel(ModuleContainer.java:1582)
	at org.eclipse.osgi.container.ModuleContainer$ContainerStartLevel.incStartLevel(ModuleContainer.java:1561)
	at org.eclipse.osgi.container.ModuleContainer$ContainerStartLevel.doContainerStartLevel(ModuleContainer.java:1533)
	at org.eclipse.osgi.container.ModuleContainer$ContainerStartLevel.dispatchEvent(ModuleContainer.java:1476)
	at org.eclipse.osgi.container.ModuleContainer$ContainerStartLevel.dispatchEvent(ModuleContainer.java:1)
	at org.eclipse.osgi.framework.eventmgr.EventManager.dispatchEvent(EventManager.java:230)
	at org.eclipse.osgi.framework.eventmgr.EventManager$EventThread.run(EventManager.java:340)

!ENTRY org.artop.aal.autosar3x.services 4 0 2025-11-21 19:25:37.289
!MESSAGE FrameworkEvent ERROR
!STACK 0
org.osgi.framework.BundleException: Could not resolve module: org.artop.aal.autosar3x.services [27]
  Unresolved requirement: Require-Bundle: org.artop.aal.gautosar.services; bundle-version="4.1.0"; visibility:="reexport"
    -> Bundle-SymbolicName: org.artop.aal.gautosar.services; bundle-version="4.5.0.201510160945"; singleton:="true"
       org.artop.aal.gautosar.services [37]
         Unresolved requirement: Require-Bundle: org.eclipse.sphinx.emf
           -> Bundle-SymbolicName: org.eclipse.sphinx.emf; bundle-version="0.9.1.201509170812"; singleton:="true"
              org.eclipse.sphinx.emf [93]
                Unresolved requirement: Require-Bundle: org.eclipse.sphinx.platform; visibility:="reexport"
                  -> Bundle-SymbolicName: org.eclipse.sphinx.platform; bundle-version="0.9.1.201509170812"; singleton:="true"
                     org.eclipse.sphinx.platform [96]
                       Unresolved requirement: Require-Capability: osgi.ee; filter:="(&(osgi.ee=JavaSE)(version=1.7))"

	at org.eclipse.osgi.container.Module.start(Module.java:434)
	at org.eclipse.osgi.container.ModuleContainer$ContainerStartLevel.incStartLevel(ModuleContainer.java:1582)
	at org.eclipse.osgi.container.ModuleContainer$ContainerStartLevel.incStartLevel(ModuleContainer.java:1561)
	at org.eclipse.osgi.container.ModuleContainer$ContainerStartLevel.doContainerStartLevel(ModuleContainer.java:1533)
	at org.eclipse.osgi.container.ModuleContainer$ContainerStartLevel.dispatchEvent(ModuleContainer.java:1476)
	at org.eclipse.osgi.container.ModuleContainer$ContainerStartLevel.dispatchEvent(ModuleContainer.java:1)
	at org.eclipse.osgi.framework.eventmgr.EventManager.dispatchEvent(EventManager.java:230)
	at org.eclipse.osgi.framework.eventmgr.EventManager$EventThread.run(EventManager.java:340)

!ENTRY org.artop.aal.autosar40.services.common 4 0 2025-11-21 19:25:37.294
!MESSAGE FrameworkEvent ERROR
!STACK 0
org.osgi.framework.BundleException: Could not resolve module: org.artop.aal.autosar40.services.common [30]
  Unresolved requirement: Require-Bundle: org.artop.aal.gautosar.services
    -> Bundle-SymbolicName: org.artop.aal.gautosar.services; bundle-version="4.5.0.201510160945"; singleton:="true"
       org.artop.aal.gautosar.services [37]
         Unresolved requirement: Require-Bundle: org.eclipse.sphinx.emf
           -> Bundle-SymbolicName: org.eclipse.sphinx.emf; bundle-version="0.9.1.201509170812"; singleton:="true"
              org.eclipse.sphinx.emf [93]
                Unresolved requirement: Require-Bundle: org.eclipse.sphinx.platform; visibility:="reexport"
                  -> Bundle-SymbolicName: org.eclipse.sphinx.platform; bundle-version="0.9.1.201509170812"; singleton:="true"
                     org.eclipse.sphinx.platform [96]
                       Unresolved requirement: Require-Capability: osgi.ee; filter:="(&(osgi.ee=JavaSE)(version=1.7))"

	at org.eclipse.osgi.container.Module.start(Module.java:434)
	at org.eclipse.osgi.container.ModuleContainer$ContainerStartLevel.incStartLevel(ModuleContainer.java:1582)
	at org.eclipse.osgi.container.ModuleContainer$ContainerStartLevel.incStartLevel(ModuleContainer.java:1561)
	at org.eclipse.osgi.container.ModuleContainer$ContainerStartLevel.doContainerStartLevel(ModuleContainer.java:1533)
	at org.eclipse.osgi.container.ModuleContainer$ContainerStartLevel.dispatchEvent(ModuleContainer.java:1476)
	at org.eclipse.osgi.container.ModuleContainer$ContainerStartLevel.dispatchEvent(ModuleContainer.java:1)
	at org.eclipse.osgi.framework.eventmgr.EventManager.dispatchEvent(EventManager.java:230)
	at org.eclipse.osgi.framework.eventmgr.EventManager$EventThread.run(EventManager.java:340)

!ENTRY org.artop.aal.autosar422 4 0 2025-11-21 19:25:37.297
!MESSAGE FrameworkEvent ERROR
!STACK 0
org.osgi.framework.BundleException: Could not resolve module: org.artop.aal.autosar422 [31]
  Unresolved requirement: Require-Bundle: org.artop.aal.serialization; visibility:="reexport"
    -> Bundle-SymbolicName: org.artop.aal.serialization; bundle-version="4.5.0.201510160945"; singleton:="true"
       org.artop.aal.serialization [38]
         Unresolved requirement: Require-Bundle: org.artop.aal.common; visibility:="reexport"
           -> Bundle-SymbolicName: org.artop.aal.common; bundle-version="4.5.0.201510160945"; singleton:="true"
              org.artop.aal.common [34]
                Unresolved requirement: Require-Bundle: org.eclipse.sphinx.emf; visibility:="reexport"
                  -> Bundle-SymbolicName: org.eclipse.sphinx.emf; bundle-version="0.9.1.201509170812"; singleton:="true"
                     org.eclipse.sphinx.emf [93]
                       Unresolved requirement: Require-Bundle: org.eclipse.sphinx.platform; visibility:="reexport"
                         -> Bundle-SymbolicName: org.eclipse.sphinx.platform; bundle-version="0.9.1.201509170812"; singleton:="true"
                            org.eclipse.sphinx.platform [96]
                              Unresolved requirement: Require-Capability: osgi.ee; filter:="(&(osgi.ee=JavaSE)(version=1.7))"

	at org.eclipse.osgi.container.Module.start(Module.java:434)
	at org.eclipse.osgi.container.ModuleContainer$ContainerStartLevel.incStartLevel(ModuleContainer.java:1582)
	at org.eclipse.osgi.container.ModuleContainer$ContainerStartLevel.incStartLevel(ModuleContainer.java:1561)
	at org.eclipse.osgi.container.ModuleContainer$ContainerStartLevel.doContainerStartLevel(ModuleContainer.java:1533)
	at org.eclipse.osgi.container.ModuleContainer$ContainerStartLevel.dispatchEvent(ModuleContainer.java:1476)
	at org.eclipse.osgi.container.ModuleContainer$ContainerStartLevel.dispatchEvent(ModuleContainer.java:1)
	at org.eclipse.osgi.framework.eventmgr.EventManager.dispatchEvent(EventManager.java:230)
	at org.eclipse.osgi.framework.eventmgr.EventManager$EventThread.run(EventManager.java:340)

!ENTRY org.artop.aal.autosar422.edit 4 0 2025-11-21 19:25:37.300
!MESSAGE FrameworkEvent ERROR
!STACK 0
org.osgi.framework.BundleException: Could not resolve module: org.artop.aal.autosar422.edit [32]
  Unresolved requirement: Require-Bundle: org.artop.aal.autosar422; visibility:="reexport"
    -> Bundle-SymbolicName: org.artop.aal.autosar422; bundle-version="4.5.0.201510160945"; singleton:="true"
       org.artop.aal.autosar422 [31]
         Unresolved requirement: Require-Bundle: org.artop.aal.serialization; visibility:="reexport"
           -> Bundle-SymbolicName: org.artop.aal.serialization; bundle-version="4.5.0.201510160945"; singleton:="true"
              org.artop.aal.serialization [38]
                Unresolved requirement: Require-Bundle: org.artop.aal.common; visibility:="reexport"
                  -> Bundle-SymbolicName: org.artop.aal.common; bundle-version="4.5.0.201510160945"; singleton:="true"
                     org.artop.aal.common [34]
                       Unresolved requirement: Require-Bundle: org.eclipse.sphinx.emf; visibility:="reexport"
                         -> Bundle-SymbolicName: org.eclipse.sphinx.emf; bundle-version="0.9.1.201509170812"; singleton:="true"
                            org.eclipse.sphinx.emf [93]
                              Unresolved requirement: Require-Bundle: org.eclipse.sphinx.platform; visibility:="reexport"
                                -> Bundle-SymbolicName: org.eclipse.sphinx.platform; bundle-version="0.9.1.201509170812"; singleton:="true"
                                   org.eclipse.sphinx.platform [96]
                                     Unresolved requirement: Require-Capability: osgi.ee; filter:="(&(osgi.ee=JavaSE)(version=1.7))"

	at org.eclipse.osgi.container.Module.start(Module.java:434)
	at org.eclipse.osgi.container.ModuleContainer$ContainerStartLevel.incStartLevel(ModuleContainer.java:1582)
	at org.eclipse.osgi.container.ModuleContainer$ContainerStartLevel.incStartLevel(ModuleContainer.java:1561)
	at org.eclipse.osgi.container.ModuleContainer$ContainerStartLevel.doContainerStartLevel(ModuleContainer.java:1533)
	at org.eclipse.osgi.container.ModuleContainer$ContainerStartLevel.dispatchEvent(ModuleContainer.java:1476)
	at org.eclipse.osgi.container.ModuleContainer$ContainerStartLevel.dispatchEvent(ModuleContainer.java:1)
	at org.eclipse.osgi.framework.eventmgr.EventManager.dispatchEvent(EventManager.java:230)
	at org.eclipse.osgi.framework.eventmgr.EventManager$EventThread.run(EventManager.java:340)

!ENTRY org.artop.aal.common 4 0 2025-11-21 19:25:37.305
!MESSAGE FrameworkEvent ERROR
!STACK 0
org.osgi.framework.BundleException: Could not resolve module: org.artop.aal.common [34]
  Unresolved requirement: Require-Bundle: org.eclipse.sphinx.emf; visibility:="reexport"
    -> Bundle-SymbolicName: org.eclipse.sphinx.emf; bundle-version="0.9.1.201509170812"; singleton:="true"
       org.eclipse.sphinx.emf [93]
         Unresolved requirement: Require-Bundle: org.eclipse.sphinx.platform; visibility:="reexport"
           -> Bundle-SymbolicName: org.eclipse.sphinx.platform; bundle-version="0.9.1.201509170812"; singleton:="true"
              org.eclipse.sphinx.platform [96]
                Unresolved requirement: Require-Capability: osgi.ee; filter:="(&(osgi.ee=JavaSE)(version=1.7))"

	at org.eclipse.osgi.container.Module.start(Module.java:434)
	at org.eclipse.osgi.container.ModuleContainer$ContainerStartLevel.incStartLevel(ModuleContainer.java:1582)
	at org.eclipse.osgi.container.ModuleContainer$ContainerStartLevel.incStartLevel(ModuleContainer.java:1561)
	at org.eclipse.osgi.container.ModuleContainer$ContainerStartLevel.doContainerStartLevel(ModuleContainer.java:1533)
	at org.eclipse.osgi.container.ModuleContainer$ContainerStartLevel.dispatchEvent(ModuleContainer.java:1476)
	at org.eclipse.osgi.container.ModuleContainer$ContainerStartLevel.dispatchEvent(ModuleContainer.java:1)
	at org.eclipse.osgi.framework.eventmgr.EventManager.dispatchEvent(EventManager.java:230)
	at org.eclipse.osgi.framework.eventmgr.EventManager$EventThread.run(EventManager.java:340)

!ENTRY org.artop.aal.gautosar 4 0 2025-11-21 19:25:37.310
!MESSAGE FrameworkEvent ERROR
!STACK 0
org.osgi.framework.BundleException: Could not resolve module: org.artop.aal.gautosar [35]
  Unresolved requirement: Require-Bundle: org.eclipse.sphinx.platform; visibility:="reexport"
    -> Bundle-SymbolicName: org.eclipse.sphinx.platform; bundle-version="0.9.1.201509170812"; singleton:="true"
       org.eclipse.sphinx.platform [96]
         Unresolved requirement: Require-Capability: osgi.ee; filter:="(&(osgi.ee=JavaSE)(version=1.7))"

	at org.eclipse.osgi.container.Module.start(Module.java:434)
	at org.eclipse.osgi.container.ModuleContainer$ContainerStartLevel.incStartLevel(ModuleContainer.java:1582)
	at org.eclipse.osgi.container.ModuleContainer$ContainerStartLevel.incStartLevel(ModuleContainer.java:1561)
	at org.eclipse.osgi.container.ModuleContainer$ContainerStartLevel.doContainerStartLevel(ModuleContainer.java:1533)
	at org.eclipse.osgi.container.ModuleContainer$ContainerStartLevel.dispatchEvent(ModuleContainer.java:1476)
	at org.eclipse.osgi.container.ModuleContainer$ContainerStartLevel.dispatchEvent(ModuleContainer.java:1)
	at org.eclipse.osgi.framework.eventmgr.EventManager.dispatchEvent(EventManager.java:230)
	at org.eclipse.osgi.framework.eventmgr.EventManager$EventThread.run(EventManager.java:340)

!ENTRY org.artop.aal.gautosar.edit 4 0 2025-11-21 19:25:37.313
!MESSAGE FrameworkEvent ERROR
!STACK 0
org.osgi.framework.BundleException: Could not resolve module: org.artop.aal.gautosar.edit [36]
  Unresolved requirement: Require-Bundle: org.artop.aal.gautosar; visibility:="reexport"
    -> Bundle-SymbolicName: org.artop.aal.gautosar; bundle-version="4.5.0.201510160945"; singleton:="true"
       org.artop.aal.gautosar [35]
         Unresolved requirement: Require-Bundle: org.eclipse.sphinx.platform; visibility:="reexport"
           -> Bundle-SymbolicName: org.eclipse.sphinx.platform; bundle-version="0.9.1.201509170812"; singleton:="true"
              org.eclipse.sphinx.platform [96]
                Unresolved requirement: Require-Capability: osgi.ee; filter:="(&(osgi.ee=JavaSE)(version=1.7))"

	at org.eclipse.osgi.container.Module.start(Module.java:434)
	at org.eclipse.osgi.container.ModuleContainer$ContainerStartLevel.incStartLevel(ModuleContainer.java:1582)
	at org.eclipse.osgi.container.ModuleContainer$ContainerStartLevel.incStartLevel(ModuleContainer.java:1561)
	at org.eclipse.osgi.container.ModuleContainer$ContainerStartLevel.doContainerStartLevel(ModuleContainer.java:1533)
	at org.eclipse.osgi.container.ModuleContainer$ContainerStartLevel.dispatchEvent(ModuleContainer.java:1476)
	at org.eclipse.osgi.container.ModuleContainer$ContainerStartLevel.dispatchEvent(ModuleContainer.java:1)
	at org.eclipse.osgi.framework.eventmgr.EventManager.dispatchEvent(EventManager.java:230)
	at org.eclipse.osgi.framework.eventmgr.EventManager$EventThread.run(EventManager.java:340)

!ENTRY org.artop.aal.gautosar.services 4 0 2025-11-21 19:25:37.317
!MESSAGE FrameworkEvent ERROR
!STACK 0
org.osgi.framework.BundleException: Could not resolve module: org.artop.aal.gautosar.services [37]
  Unresolved requirement: Require-Bundle: org.eclipse.sphinx.emf
    -> Bundle-SymbolicName: org.eclipse.sphinx.emf; bundle-version="0.9.1.201509170812"; singleton:="true"
       org.eclipse.sphinx.emf [93]
         Unresolved requirement: Require-Bundle: org.eclipse.sphinx.platform; visibility:="reexport"
           -> Bundle-SymbolicName: org.eclipse.sphinx.platform; bundle-version="0.9.1.201509170812"; singleton:="true"
              org.eclipse.sphinx.platform [96]
                Unresolved requirement: Require-Capability: osgi.ee; filter:="(&(osgi.ee=JavaSE)(version=1.7))"

	at org.eclipse.osgi.container.Module.start(Module.java:434)
	at org.eclipse.osgi.container.ModuleContainer$ContainerStartLevel.incStartLevel(ModuleContainer.java:1582)
	at org.eclipse.osgi.container.ModuleContainer$ContainerStartLevel.incStartLevel(ModuleContainer.java:1561)
	at org.eclipse.osgi.container.ModuleContainer$ContainerStartLevel.doContainerStartLevel(ModuleContainer.java:1533)
	at org.eclipse.osgi.container.ModuleContainer$ContainerStartLevel.dispatchEvent(ModuleContainer.java:1476)
	at org.eclipse.osgi.container.ModuleContainer$ContainerStartLevel.dispatchEvent(ModuleContainer.java:1)
	at org.eclipse.osgi.framework.eventmgr.EventManager.dispatchEvent(EventManager.java:230)
	at org.eclipse.osgi.framework.eventmgr.EventManager$EventThread.run(EventManager.java:340)

!ENTRY org.artop.aal.serialization 4 0 2025-11-21 19:25:37.322
!MESSAGE FrameworkEvent ERROR
!STACK 0
org.osgi.framework.BundleException: Could not resolve module: org.artop.aal.serialization [38]
  Unresolved requirement: Require-Bundle: org.artop.aal.common; visibility:="reexport"
    -> Bundle-SymbolicName: org.artop.aal.common; bundle-version="4.5.0.201510160945"; singleton:="true"
       org.artop.aal.common [34]
         Unresolved requirement: Require-Bundle: org.eclipse.sphinx.emf; visibility:="reexport"
           -> Bundle-SymbolicName: org.eclipse.sphinx.emf; bundle-version="0.9.1.201509170812"; singleton:="true"
              org.eclipse.sphinx.emf [93]
                Unresolved requirement: Require-Bundle: org.eclipse.sphinx.platform; visibility:="reexport"
                  -> Bundle-SymbolicName: org.eclipse.sphinx.platform; bundle-version="0.9.1.201509170812"; singleton:="true"
                     org.eclipse.sphinx.platform [96]
                       Unresolved requirement: Require-Capability: osgi.ee; filter:="(&(osgi.ee=JavaSE)(version=1.7))"

	at org.eclipse.osgi.container.Module.start(Module.java:434)
	at org.eclipse.osgi.container.ModuleContainer$ContainerStartLevel.incStartLevel(ModuleContainer.java:1582)
	at org.eclipse.osgi.container.ModuleContainer$ContainerStartLevel.incStartLevel(ModuleContainer.java:1561)
	at org.eclipse.osgi.container.ModuleContainer$ContainerStartLevel.doContainerStartLevel(ModuleContainer.java:1533)
	at org.eclipse.osgi.container.ModuleContainer$ContainerStartLevel.dispatchEvent(ModuleContainer.java:1476)
	at org.eclipse.osgi.container.ModuleContainer$ContainerStartLevel.dispatchEvent(ModuleContainer.java:1)
	at org.eclipse.osgi.framework.eventmgr.EventManager.dispatchEvent(EventManager.java:230)
	at org.eclipse.osgi.framework.eventmgr.EventManager$EventThread.run(EventManager.java:340)

!ENTRY org.artop.aal.validation 4 0 2025-11-21 19:25:37.326
!MESSAGE FrameworkEvent ERROR
!STACK 0
org.osgi.framework.BundleException: Could not resolve module: org.artop.aal.validation [39]
  Unresolved requirement: Require-Bundle: org.eclipse.sphinx.emf.validation; visibility:="reexport"
    -> Bundle-SymbolicName: org.eclipse.sphinx.emf.validation; bundle-version="0.9.1.201509170812"; singleton:="true"
       org.eclipse.sphinx.emf.validation [94]
         Unresolved requirement: Require-Bundle: org.eclipse.sphinx.emf; visibility:="reexport"
           -> Bundle-SymbolicName: org.eclipse.sphinx.emf; bundle-version="0.9.1.201509170812"; singleton:="true"
              org.eclipse.sphinx.emf [93]
                Unresolved requirement: Require-Bundle: org.eclipse.sphinx.platform; visibility:="reexport"
                  -> Bundle-SymbolicName: org.eclipse.sphinx.platform; bundle-version="0.9.1.201509170812"; singleton:="true"
                     org.eclipse.sphinx.platform [96]
                       Unresolved requirement: Require-Capability: osgi.ee; filter:="(&(osgi.ee=JavaSE)(version=1.7))"

	at org.eclipse.osgi.container.Module.start(Module.java:434)
	at org.eclipse.osgi.container.ModuleContainer$ContainerStartLevel.incStartLevel(ModuleContainer.java:1582)
	at org.eclipse.osgi.container.ModuleContainer$ContainerStartLevel.incStartLevel(ModuleContainer.java:1561)
	at org.eclipse.osgi.container.ModuleContainer$ContainerStartLevel.doContainerStartLevel(ModuleContainer.java:1533)
	at org.eclipse.osgi.container.ModuleContainer$ContainerStartLevel.dispatchEvent(ModuleContainer.java:1476)
	at org.eclipse.osgi.container.ModuleContainer$ContainerStartLevel.dispatchEvent(ModuleContainer.java:1)
	at org.eclipse.osgi.framework.eventmgr.EventManager.dispatchEvent(EventManager.java:230)
	at org.eclipse.osgi.framework.eventmgr.EventManager$EventThread.run(EventManager.java:340)

!ENTRY org.artop.arunit.generator 4 0 2025-11-21 19:25:37.331
!MESSAGE FrameworkEvent ERROR
!STACK 0
org.osgi.framework.BundleException: Could not resolve module: org.artop.arunit.generator [40]
  Unresolved requirement: Import-Package: autosar40.util
    -> Export-Package: autosar40.util; bundle-symbolic-name="org.artop.aal.autosar422"; bundle-version="4.5.0.201510160945"; version="0.0.0"
       org.artop.aal.autosar422 [31]
         Unresolved requirement: Require-Bundle: org.artop.aal.serialization; visibility:="reexport"
           -> Bundle-SymbolicName: org.artop.aal.serialization; bundle-version="4.5.0.201510160945"; singleton:="true"
              org.artop.aal.serialization [38]
                Unresolved requirement: Require-Bundle: org.artop.aal.common; visibility:="reexport"
                  -> Bundle-SymbolicName: org.artop.aal.common; bundle-version="4.5.0.201510160945"; singleton:="true"
                     org.artop.aal.common [34]
                       Unresolved requirement: Require-Bundle: org.eclipse.sphinx.emf; visibility:="reexport"
                         -> Bundle-SymbolicName: org.eclipse.sphinx.emf; bundle-version="0.9.1.201509170812"; singleton:="true"
                            org.eclipse.sphinx.emf [93]
                              Unresolved requirement: Require-Bundle: org.eclipse.sphinx.platform; visibility:="reexport"
                                -> Bundle-SymbolicName: org.eclipse.sphinx.platform; bundle-version="0.9.1.201509170812"; singleton:="true"
                                   org.eclipse.sphinx.platform [96]
                                     Unresolved requirement: Require-Capability: osgi.ee; filter:="(&(osgi.ee=JavaSE)(version=1.7))"

	at org.eclipse.osgi.container.Module.start(Module.java:434)
	at org.eclipse.osgi.container.ModuleContainer$ContainerStartLevel.incStartLevel(ModuleContainer.java:1582)
	at org.eclipse.osgi.container.ModuleContainer$ContainerStartLevel.incStartLevel(ModuleContainer.java:1561)
	at org.eclipse.osgi.container.ModuleContainer$ContainerStartLevel.doContainerStartLevel(ModuleContainer.java:1533)
	at org.eclipse.osgi.container.ModuleContainer$ContainerStartLevel.dispatchEvent(ModuleContainer.java:1476)
	at org.eclipse.osgi.container.ModuleContainer$ContainerStartLevel.dispatchEvent(ModuleContainer.java:1)
	at org.eclipse.osgi.framework.eventmgr.EventManager.dispatchEvent(EventManager.java:230)
	at org.eclipse.osgi.framework.eventmgr.EventManager$EventThread.run(EventManager.java:340)

!ENTRY org.artop.arunit.gmock.generator 4 0 2025-11-21 19:25:37.334
!MESSAGE FrameworkEvent ERROR
!STACK 0
org.osgi.framework.BundleException: Could not resolve module: org.artop.arunit.gmock.generator [41]
  Unresolved requirement: Require-Bundle: org.artop.arunit.rte; bundle-version="0.11.9"
    -> Bundle-SymbolicName: org.artop.arunit.rte; bundle-version="0.11.9.202102121433"; singleton:="true"
       org.artop.arunit.rte [44]
         Unresolved requirement: Require-Capability: osgi.ee; filter:="(&(osgi.ee=JavaSE)(version=1.8))"

	at org.eclipse.osgi.container.Module.start(Module.java:434)
	at org.eclipse.osgi.container.ModuleContainer$ContainerStartLevel.incStartLevel(ModuleContainer.java:1582)
	at org.eclipse.osgi.container.ModuleContainer$ContainerStartLevel.incStartLevel(ModuleContainer.java:1561)
	at org.eclipse.osgi.container.ModuleContainer$ContainerStartLevel.doContainerStartLevel(ModuleContainer.java:1533)
	at org.eclipse.osgi.container.ModuleContainer$ContainerStartLevel.dispatchEvent(ModuleContainer.java:1476)
	at org.eclipse.osgi.container.ModuleContainer$ContainerStartLevel.dispatchEvent(ModuleContainer.java:1)
	at org.eclipse.osgi.framework.eventmgr.EventManager.dispatchEvent(EventManager.java:230)
	at org.eclipse.osgi.framework.eventmgr.EventManager$EventThread.run(EventManager.java:340)

!ENTRY org.artop.arunit.logging 4 0 2025-11-21 19:25:37.336
!MESSAGE FrameworkEvent ERROR
!STACK 0
org.osgi.framework.BundleException: Could not resolve module: org.artop.arunit.logging [43]
  Unresolved requirement: Require-Capability: osgi.ee; filter:="(&(osgi.ee=JavaSE)(version=1.8))"

	at org.eclipse.osgi.container.Module.start(Module.java:434)
	at org.eclipse.osgi.container.ModuleContainer$ContainerStartLevel.incStartLevel(ModuleContainer.java:1582)
	at org.eclipse.osgi.container.ModuleContainer$ContainerStartLevel.incStartLevel(ModuleContainer.java:1561)
	at org.eclipse.osgi.container.ModuleContainer$ContainerStartLevel.doContainerStartLevel(ModuleContainer.java:1533)
	at org.eclipse.osgi.container.ModuleContainer$ContainerStartLevel.dispatchEvent(ModuleContainer.java:1476)
	at org.eclipse.osgi.container.ModuleContainer$ContainerStartLevel.dispatchEvent(ModuleContainer.java:1)
	at org.eclipse.osgi.framework.eventmgr.EventManager.dispatchEvent(EventManager.java:230)
	at org.eclipse.osgi.framework.eventmgr.EventManager$EventThread.run(EventManager.java:340)

!ENTRY org.artop.arunit.rte 4 0 2025-11-21 19:25:37.339
!MESSAGE FrameworkEvent ERROR
!STACK 0
org.osgi.framework.BundleException: Could not resolve module: org.artop.arunit.rte [44]
  Unresolved requirement: Require-Capability: osgi.ee; filter:="(&(osgi.ee=JavaSE)(version=1.8))"

	at org.eclipse.osgi.container.Module.start(Module.java:434)
	at org.eclipse.osgi.container.ModuleContainer$ContainerStartLevel.incStartLevel(ModuleContainer.java:1582)
	at org.eclipse.osgi.container.ModuleContainer$ContainerStartLevel.incStartLevel(ModuleContainer.java:1561)
	at org.eclipse.osgi.container.ModuleContainer$ContainerStartLevel.doContainerStartLevel(ModuleContainer.java:1533)
	at org.eclipse.osgi.container.ModuleContainer$ContainerStartLevel.dispatchEvent(ModuleContainer.java:1476)
	at org.eclipse.osgi.container.ModuleContainer$ContainerStartLevel.dispatchEvent(ModuleContainer.java:1)
	at org.eclipse.osgi.framework.eventmgr.EventManager.dispatchEvent(EventManager.java:230)
	at org.eclipse.osgi.framework.eventmgr.EventManager$EventThread.run(EventManager.java:340)

!ENTRY org.artop.arunit.validation 4 0 2025-11-21 19:25:37.342
!MESSAGE FrameworkEvent ERROR
!STACK 0
org.osgi.framework.BundleException: Could not resolve module: org.artop.arunit.validation [46]
  Unresolved requirement: Import-Package: autosar3x.swcomponent.components
    -> Export-Package: autosar3x.swcomponent.components; bundle-symbolic-name="org.artop.aal.autosar322"; bundle-version="4.5.0.201510160945"; version="0.0.0"
       org.artop.aal.autosar322 [25]
         Unresolved requirement: Require-Bundle: org.artop.aal.serialization; visibility:="reexport"
           -> Bundle-SymbolicName: org.artop.aal.serialization; bundle-version="4.5.0.201510160945"; singleton:="true"
              org.artop.aal.serialization [38]
                Unresolved requirement: Require-Bundle: org.artop.aal.common; visibility:="reexport"
                  -> Bundle-SymbolicName: org.artop.aal.common; bundle-version="4.5.0.201510160945"; singleton:="true"
                     org.artop.aal.common [34]
                       Unresolved requirement: Require-Bundle: org.eclipse.sphinx.emf; visibility:="reexport"
                         -> Bundle-SymbolicName: org.eclipse.sphinx.emf; bundle-version="0.9.1.201509170812"; singleton:="true"
                            org.eclipse.sphinx.emf [93]
                              Unresolved requirement: Require-Bundle: org.eclipse.sphinx.platform; visibility:="reexport"
                                -> Bundle-SymbolicName: org.eclipse.sphinx.platform; bundle-version="0.9.1.201509170812"; singleton:="true"
                                   org.eclipse.sphinx.platform [96]
                                     Unresolved requirement: Require-Capability: osgi.ee; filter:="(&(osgi.ee=JavaSE)(version=1.7))"

	at org.eclipse.osgi.container.Module.start(Module.java:434)
	at org.eclipse.osgi.container.ModuleContainer$ContainerStartLevel.incStartLevel(ModuleContainer.java:1582)
	at org.eclipse.osgi.container.ModuleContainer$ContainerStartLevel.incStartLevel(ModuleContainer.java:1561)
	at org.eclipse.osgi.container.ModuleContainer$ContainerStartLevel.doContainerStartLevel(ModuleContainer.java:1533)
	at org.eclipse.osgi.container.ModuleContainer$ContainerStartLevel.dispatchEvent(ModuleContainer.java:1476)
	at org.eclipse.osgi.container.ModuleContainer$ContainerStartLevel.dispatchEvent(ModuleContainer.java:1)
	at org.eclipse.osgi.framework.eventmgr.EventManager.dispatchEvent(EventManager.java:230)
	at org.eclipse.osgi.framework.eventmgr.EventManager$EventThread.run(EventManager.java:340)

!ENTRY org.artop.eel.common 4 0 2025-11-21 19:25:37.345
!MESSAGE FrameworkEvent ERROR
!STACK 0
org.osgi.framework.BundleException: Could not resolve module: org.artop.eel.common [47]
  Unresolved requirement: Require-Bundle: org.eclipse.sphinx.emf
    -> Bundle-SymbolicName: org.eclipse.sphinx.emf; bundle-version="0.9.1.201509170812"; singleton:="true"
       org.eclipse.sphinx.emf [93]
         Unresolved requirement: Require-Bundle: org.eclipse.sphinx.platform; visibility:="reexport"
           -> Bundle-SymbolicName: org.eclipse.sphinx.platform; bundle-version="0.9.1.201509170812"; singleton:="true"
              org.eclipse.sphinx.platform [96]
                Unresolved requirement: Require-Capability: osgi.ee; filter:="(&(osgi.ee=JavaSE)(version=1.7))"

	at org.eclipse.osgi.container.Module.start(Module.java:434)
	at org.eclipse.osgi.container.ModuleContainer$ContainerStartLevel.incStartLevel(ModuleContainer.java:1582)
	at org.eclipse.osgi.container.ModuleContainer$ContainerStartLevel.incStartLevel(ModuleContainer.java:1561)
	at org.eclipse.osgi.container.ModuleContainer$ContainerStartLevel.doContainerStartLevel(ModuleContainer.java:1533)
	at org.eclipse.osgi.container.ModuleContainer$ContainerStartLevel.dispatchEvent(ModuleContainer.java:1476)
	at org.eclipse.osgi.container.ModuleContainer$ContainerStartLevel.dispatchEvent(ModuleContainer.java:1)
	at org.eclipse.osgi.framework.eventmgr.EventManager.dispatchEvent(EventManager.java:230)
	at org.eclipse.osgi.framework.eventmgr.EventManager$EventThread.run(EventManager.java:340)

!ENTRY org.artop.eel.serialization 4 0 2025-11-21 19:25:37.347
!MESSAGE FrameworkEvent ERROR
!STACK 0
org.osgi.framework.BundleException: Could not resolve module: org.artop.eel.serialization [48]
  Unresolved requirement: Require-Bundle: org.eclipse.sphinx.emf
    -> Bundle-SymbolicName: org.eclipse.sphinx.emf; bundle-version="0.9.1.201509170812"; singleton:="true"
       org.eclipse.sphinx.emf [93]
         Unresolved requirement: Require-Bundle: org.eclipse.sphinx.platform; visibility:="reexport"
           -> Bundle-SymbolicName: org.eclipse.sphinx.platform; bundle-version="0.9.1.201509170812"; singleton:="true"
              org.eclipse.sphinx.platform [96]
                Unresolved requirement: Require-Capability: osgi.ee; filter:="(&(osgi.ee=JavaSE)(version=1.7))"

	at org.eclipse.osgi.container.Module.start(Module.java:434)
	at org.eclipse.osgi.container.ModuleContainer$ContainerStartLevel.incStartLevel(ModuleContainer.java:1582)
	at org.eclipse.osgi.container.ModuleContainer$ContainerStartLevel.incStartLevel(ModuleContainer.java:1561)
	at org.eclipse.osgi.container.ModuleContainer$ContainerStartLevel.doContainerStartLevel(ModuleContainer.java:1533)
	at org.eclipse.osgi.container.ModuleContainer$ContainerStartLevel.dispatchEvent(ModuleContainer.java:1476)
	at org.eclipse.osgi.container.ModuleContainer$ContainerStartLevel.dispatchEvent(ModuleContainer.java:1)
	at org.eclipse.osgi.framework.eventmgr.EventManager.dispatchEvent(EventManager.java:230)
	at org.eclipse.osgi.framework.eventmgr.EventManager$EventThread.run(EventManager.java:340)

!ENTRY org.eclipse.sphinx.emf 4 0 2025-11-21 19:25:37.352
!MESSAGE FrameworkEvent ERROR
!STACK 0
org.osgi.framework.BundleException: Could not resolve module: org.eclipse.sphinx.emf [93]
  Unresolved requirement: Require-Bundle: org.eclipse.sphinx.platform; visibility:="reexport"
    -> Bundle-SymbolicName: org.eclipse.sphinx.platform; bundle-version="0.9.1.201509170812"; singleton:="true"
       org.eclipse.sphinx.platform [96]
         Unresolved requirement: Require-Capability: osgi.ee; filter:="(&(osgi.ee=JavaSE)(version=1.7))"

	at org.eclipse.osgi.container.Module.start(Module.java:434)
	at org.eclipse.osgi.container.ModuleContainer$ContainerStartLevel.incStartLevel(ModuleContainer.java:1582)
	at org.eclipse.osgi.container.ModuleContainer$ContainerStartLevel.incStartLevel(ModuleContainer.java:1561)
	at org.eclipse.osgi.container.ModuleContainer$ContainerStartLevel.doContainerStartLevel(ModuleContainer.java:1533)
	at org.eclipse.osgi.container.ModuleContainer$ContainerStartLevel.dispatchEvent(ModuleContainer.java:1476)
	at org.eclipse.osgi.container.ModuleContainer$ContainerStartLevel.dispatchEvent(ModuleContainer.java:1)
	at org.eclipse.osgi.framework.eventmgr.EventManager.dispatchEvent(EventManager.java:230)
	at org.eclipse.osgi.framework.eventmgr.EventManager$EventThread.run(EventManager.java:340)

!ENTRY org.eclipse.sphinx.emf.validation 4 0 2025-11-21 19:25:37.358
!MESSAGE FrameworkEvent ERROR
!STACK 0
org.osgi.framework.BundleException: Could not resolve module: org.eclipse.sphinx.emf.validation [94]
  Unresolved requirement: Require-Bundle: org.eclipse.sphinx.emf; visibility:="reexport"
    -> Bundle-SymbolicName: org.eclipse.sphinx.emf; bundle-version="0.9.1.201509170812"; singleton:="true"
       org.eclipse.sphinx.emf [93]
         Unresolved requirement: Require-Bundle: org.eclipse.sphinx.platform; visibility:="reexport"
           -> Bundle-SymbolicName: org.eclipse.sphinx.platform; bundle-version="0.9.1.201509170812"; singleton:="true"
              org.eclipse.sphinx.platform [96]
                Unresolved requirement: Require-Capability: osgi.ee; filter:="(&(osgi.ee=JavaSE)(version=1.7))"

	at org.eclipse.osgi.container.Module.start(Module.java:434)
	at org.eclipse.osgi.container.ModuleContainer$ContainerStartLevel.incStartLevel(ModuleContainer.java:1582)
	at org.eclipse.osgi.container.ModuleContainer$ContainerStartLevel.incStartLevel(ModuleContainer.java:1561)
	at org.eclipse.osgi.container.ModuleContainer$ContainerStartLevel.doContainerStartLevel(ModuleContainer.java:1533)
	at org.eclipse.osgi.container.ModuleContainer$ContainerStartLevel.dispatchEvent(ModuleContainer.java:1476)
	at org.eclipse.osgi.container.ModuleContainer$ContainerStartLevel.dispatchEvent(ModuleContainer.java:1)
	at org.eclipse.osgi.framework.eventmgr.EventManager.dispatchEvent(EventManager.java:230)
	at org.eclipse.osgi.framework.eventmgr.EventManager$EventThread.run(EventManager.java:340)

!ENTRY org.eclipse.sphinx.emf.validation.bridge 4 0 2025-11-21 19:25:37.362
!MESSAGE FrameworkEvent ERROR
!STACK 0
org.osgi.framework.BundleException: Could not resolve module: org.eclipse.sphinx.emf.validation.bridge [95]
  Unresolved requirement: Require-Bundle: org.eclipse.sphinx.platform
    -> Bundle-SymbolicName: org.eclipse.sphinx.platform; bundle-version="0.9.1.201509170812"; singleton:="true"
       org.eclipse.sphinx.platform [96]
         Unresolved requirement: Require-Capability: osgi.ee; filter:="(&(osgi.ee=JavaSE)(version=1.7))"

	at org.eclipse.osgi.container.Module.start(Module.java:434)
	at org.eclipse.osgi.container.ModuleContainer$ContainerStartLevel.incStartLevel(ModuleContainer.java:1582)
	at org.eclipse.osgi.container.ModuleContainer$ContainerStartLevel.incStartLevel(ModuleContainer.java:1561)
	at org.eclipse.osgi.container.ModuleContainer$ContainerStartLevel.doContainerStartLevel(ModuleContainer.java:1533)
	at org.eclipse.osgi.container.ModuleContainer$ContainerStartLevel.dispatchEvent(ModuleContainer.java:1476)
	at org.eclipse.osgi.container.ModuleContainer$ContainerStartLevel.dispatchEvent(ModuleContainer.java:1)
	at org.eclipse.osgi.framework.eventmgr.EventManager.dispatchEvent(EventManager.java:230)
	at org.eclipse.osgi.framework.eventmgr.EventManager$EventThread.run(EventManager.java:340)

!ENTRY org.eclipse.sphinx.platform 4 0 2025-11-21 19:25:37.366
!MESSAGE FrameworkEvent ERROR
!STACK 0
org.osgi.framework.BundleException: Could not resolve module: org.eclipse.sphinx.platform [96]
  Unresolved requirement: Require-Capability: osgi.ee; filter:="(&(osgi.ee=JavaSE)(version=1.7))"

	at org.eclipse.osgi.container.Module.start(Module.java:434)
	at org.eclipse.osgi.container.ModuleContainer$ContainerStartLevel.incStartLevel(ModuleContainer.java:1582)
	at org.eclipse.osgi.container.ModuleContainer$ContainerStartLevel.incStartLevel(ModuleContainer.java:1561)
	at org.eclipse.osgi.container.ModuleContainer$ContainerStartLevel.doContainerStartLevel(ModuleContainer.java:1533)
	at org.eclipse.osgi.container.ModuleContainer$ContainerStartLevel.dispatchEvent(ModuleContainer.java:1476)
	at org.eclipse.osgi.container.ModuleContainer$ContainerStartLevel.dispatchEvent(ModuleContainer.java:1)
	at org.eclipse.osgi.framework.eventmgr.EventManager.dispatchEvent(EventManager.java:230)
	at org.eclipse.osgi.framework.eventmgr.EventManager$EventThread.run(EventManager.java:340)

!ENTRY de.bmw.vbf.arunit.decorator 2 0 2025-11-21 19:25:37.654
!MESSAGE Could not resolve module: de.bmw.vbf.arunit.decorator [11]
  Unresolved requirement: Require-Bundle: org.artop.arunit.generator; bundle-version="0.11.9"
    -> Bundle-SymbolicName: org.artop.arunit.generator; bundle-version="0.11.9.202102121433"; singleton:="true"
       org.artop.arunit.generator [40]
         Unresolved requirement: Import-Package: autosar40.util
           -> Export-Package: autosar40.util; bundle-symbolic-name="org.artop.aal.autosar422"; bundle-version="4.5.0.201510160945"; version="0.0.0"
              org.artop.aal.autosar422 [31]
                Unresolved requirement: Require-Bundle: org.artop.aal.serialization; visibility:="reexport"
                  -> Bundle-SymbolicName: org.artop.aal.serialization; bundle-version="4.5.0.201510160945"; singleton:="true"
                     org.artop.aal.serialization [38]
                       Unresolved requirement: Require-Bundle: org.artop.aal.common; visibility:="reexport"
                         -> Bundle-SymbolicName: org.artop.aal.common; bundle-version="4.5.0.201510160945"; singleton:="true"
                            org.artop.aal.common [34]
                              Unresolved requirement: Require-Bundle: org.eclipse.sphinx.emf; visibility:="reexport"
                                -> Bundle-SymbolicName: org.eclipse.sphinx.emf; bundle-version="0.9.1.201509170812"; singleton:="true"
                                   org.eclipse.sphinx.emf [93]
                                     Unresolved requirement: Require-Bundle: org.eclipse.sphinx.platform; visibility:="reexport"
                                       -> Bundle-SymbolicName: org.eclipse.sphinx.platform; bundle-version="0.9.1.201509170812"; singleton:="true"
                                          org.eclipse.sphinx.platform [96]
                                            Unresolved requirement: Require-Capability: osgi.ee; filter:="(&(osgi.ee=JavaSE)(version=1.7))"


!ENTRY org.artop.arunit.headless 2 0 2025-11-21 19:25:37.657
!MESSAGE Could not resolve module: org.artop.arunit.headless [42]
  Unresolved requirement: Import-Package: autosar3x.genericstructure.infrastructure.autosar
    -> Export-Package: autosar3x.genericstructure.infrastructure.autosar; bundle-symbolic-name="org.artop.aal.autosar322"; bundle-version="4.5.0.201510160945"; version="0.0.0"
       org.artop.aal.autosar322 [25]
         Unresolved requirement: Require-Bundle: org.artop.aal.serialization; visibility:="reexport"
           -> Bundle-SymbolicName: org.artop.aal.serialization; bundle-version="4.5.0.201510160945"; singleton:="true"
              org.artop.aal.serialization [38]
                Unresolved requirement: Require-Bundle: org.artop.aal.common; visibility:="reexport"
                  -> Bundle-SymbolicName: org.artop.aal.common; bundle-version="4.5.0.201510160945"; singleton:="true"
                     org.artop.aal.common [34]
                       Unresolved requirement: Require-Bundle: org.eclipse.sphinx.emf; visibility:="reexport"
                         -> Bundle-SymbolicName: org.eclipse.sphinx.emf; bundle-version="0.9.1.201509170812"; singleton:="true"
                            org.eclipse.sphinx.emf [93]
                              Unresolved requirement: Require-Bundle: org.eclipse.sphinx.platform; visibility:="reexport"
                                -> Bundle-SymbolicName: org.eclipse.sphinx.platform; bundle-version="0.9.1.201509170812"; singleton:="true"
                                   org.eclipse.sphinx.platform [96]
                                     Unresolved requirement: Require-Capability: osgi.ee; filter:="(&(osgi.ee=JavaSE)(version=1.7))"


!ENTRY org.artop.aal.gautosar.services 2 0 2025-11-21 19:25:37.660
!MESSAGE Could not resolve module: org.artop.aal.gautosar.services [37]
  Unresolved requirement: Require-Bundle: org.eclipse.sphinx.emf
    -> Bundle-SymbolicName: org.eclipse.sphinx.emf; bundle-version="0.9.1.201509170812"; singleton:="true"
       org.eclipse.sphinx.emf [93]
         Unresolved requirement: Require-Bundle: org.eclipse.sphinx.platform; visibility:="reexport"
           -> Bundle-SymbolicName: org.eclipse.sphinx.platform; bundle-version="0.9.1.201509170812"; singleton:="true"
              org.eclipse.sphinx.platform [96]
                Unresolved requirement: Require-Capability: osgi.ee; filter:="(&(osgi.ee=JavaSE)(version=1.7))"


!ENTRY org.artop.aal.serialization 2 0 2025-11-21 19:25:37.664
!MESSAGE Could not resolve module: org.artop.aal.serialization [38]
  Unresolved requirement: Require-Bundle: org.artop.aal.common; visibility:="reexport"
    -> Bundle-SymbolicName: org.artop.aal.common; bundle-version="4.5.0.201510160945"; singleton:="true"
       org.artop.aal.common [34]
         Unresolved requirement: Require-Bundle: org.eclipse.sphinx.emf; visibility:="reexport"
           -> Bundle-SymbolicName: org.eclipse.sphinx.emf; bundle-version="0.9.1.201509170812"; singleton:="true"
              org.eclipse.sphinx.emf [93]
                Unresolved requirement: Require-Bundle: org.eclipse.sphinx.platform; visibility:="reexport"
                  -> Bundle-SymbolicName: org.eclipse.sphinx.platform; bundle-version="0.9.1.201509170812"; singleton:="true"
                     org.eclipse.sphinx.platform [96]
                       Unresolved requirement: Require-Capability: osgi.ee; filter:="(&(osgi.ee=JavaSE)(version=1.7))"


!ENTRY de.bmw.arunit.gmock.decorators 2 0 2025-11-21 19:25:37.668
!MESSAGE Could not resolve module: de.bmw.arunit.gmock.decorators [6]
  Unresolved requirement: Require-Bundle: org.artop.arunit.gmock.generator; bundle-version="0.11.9"
    -> Bundle-SymbolicName: org.artop.arunit.gmock.generator; bundle-version="0.11.9.202102121433"; singleton:="true"
       org.artop.arunit.gmock.generator [41]
         Unresolved requirement: Require-Bundle: org.artop.arunit.rte; bundle-version="0.11.9"
           -> Bundle-SymbolicName: org.artop.arunit.rte; bundle-version="0.11.9.202102121433"; singleton:="true"
              org.artop.arunit.rte [44]
                Unresolved requirement: Require-Capability: osgi.ee; filter:="(&(osgi.ee=JavaSE)(version=1.8))"


!ENTRY org.artop.arunit.validation 2 0 2025-11-21 19:25:37.670
!MESSAGE Could not resolve module: org.artop.arunit.validation [46]
  Unresolved requirement: Import-Package: autosar3x.swcomponent.components
    -> Export-Package: autosar3x.swcomponent.components; bundle-symbolic-name="org.artop.aal.autosar322"; bundle-version="4.5.0.201510160945"; version="0.0.0"
       org.artop.aal.autosar322 [25]
         Unresolved requirement: Require-Bundle: org.artop.aal.serialization; visibility:="reexport"
           -> Bundle-SymbolicName: org.artop.aal.serialization; bundle-version="4.5.0.201510160945"; singleton:="true"
              org.artop.aal.serialization [38]
                Unresolved requirement: Require-Bundle: org.artop.aal.common; visibility:="reexport"
                  -> Bundle-SymbolicName: org.artop.aal.common; bundle-version="4.5.0.201510160945"; singleton:="true"
                     org.artop.aal.common [34]
                       Unresolved requirement: Require-Bundle: org.eclipse.sphinx.emf; visibility:="reexport"
                         -> Bundle-SymbolicName: org.eclipse.sphinx.emf; bundle-version="0.9.1.201509170812"; singleton:="true"
                            org.eclipse.sphinx.emf [93]
                              Unresolved requirement: Require-Bundle: org.eclipse.sphinx.platform; visibility:="reexport"
                                -> Bundle-SymbolicName: org.eclipse.sphinx.platform; bundle-version="0.9.1.201509170812"; singleton:="true"
                                   org.eclipse.sphinx.platform [96]
                                     Unresolved requirement: Require-Capability: osgi.ee; filter:="(&(osgi.ee=JavaSE)(version=1.7))"


!ENTRY org.artop.arunit.generator 2 0 2025-11-21 19:25:37.673
!MESSAGE Could not resolve module: org.artop.arunit.generator [40]
  Unresolved requirement: Import-Package: autosar40.util
    -> Export-Package: autosar40.util; bundle-symbolic-name="org.artop.aal.autosar422"; bundle-version="4.5.0.201510160945"; version="0.0.0"
       org.artop.aal.autosar422 [31]
         Unresolved requirement: Require-Bundle: org.artop.aal.serialization; visibility:="reexport"
           -> Bundle-SymbolicName: org.artop.aal.serialization; bundle-version="4.5.0.201510160945"; singleton:="true"
              org.artop.aal.serialization [38]
                Unresolved requirement: Require-Bundle: org.artop.aal.common; visibility:="reexport"
                  -> Bundle-SymbolicName: org.artop.aal.common; bundle-version="4.5.0.201510160945"; singleton:="true"
                     org.artop.aal.common [34]
                       Unresolved requirement: Require-Bundle: org.eclipse.sphinx.emf; visibility:="reexport"
                         -> Bundle-SymbolicName: org.eclipse.sphinx.emf; bundle-version="0.9.1.201509170812"; singleton:="true"
                            org.eclipse.sphinx.emf [93]
                              Unresolved requirement: Require-Bundle: org.eclipse.sphinx.platform; visibility:="reexport"
                                -> Bundle-SymbolicName: org.eclipse.sphinx.platform; bundle-version="0.9.1.201509170812"; singleton:="true"
                                   org.eclipse.sphinx.platform [96]
                                     Unresolved requirement: Require-Capability: osgi.ee; filter:="(&(osgi.ee=JavaSE)(version=1.7))"


!ENTRY de.bmw.vbf.arunit.config 2 0 2025-11-21 19:25:37.676
!MESSAGE Could not resolve module: de.bmw.vbf.arunit.config [10]
  Unresolved requirement: Require-Bundle: org.artop.arunit.generator; bundle-version="0.11.9"
    -> Bundle-SymbolicName: org.artop.arunit.generator; bundle-version="0.11.9.202102121433"; singleton:="true"
       org.artop.arunit.generator [40]
         Unresolved requirement: Import-Package: autosar40.util
           -> Export-Package: autosar40.util; bundle-symbolic-name="org.artop.aal.autosar422"; bundle-version="4.5.0.201510160945"; version="0.0.0"
              org.artop.aal.autosar422 [31]
                Unresolved requirement: Require-Bundle: org.artop.aal.serialization; visibility:="reexport"
                  -> Bundle-SymbolicName: org.artop.aal.serialization; bundle-version="4.5.0.201510160945"; singleton:="true"
                     org.artop.aal.serialization [38]
                       Unresolved requirement: Require-Bundle: org.artop.aal.common; visibility:="reexport"
                         -> Bundle-SymbolicName: org.artop.aal.common; bundle-version="4.5.0.201510160945"; singleton:="true"
                            org.artop.aal.common [34]
                              Unresolved requirement: Require-Bundle: org.eclipse.sphinx.emf; visibility:="reexport"
                                -> Bundle-SymbolicName: org.eclipse.sphinx.emf; bundle-version="0.9.1.201509170812"; singleton:="true"
                                   org.eclipse.sphinx.emf [93]
                                     Unresolved requirement: Require-Bundle: org.eclipse.sphinx.platform; visibility:="reexport"
                                       -> Bundle-SymbolicName: org.eclipse.sphinx.platform; bundle-version="0.9.1.201509170812"; singleton:="true"
                                          org.eclipse.sphinx.platform [96]
                                            Unresolved requirement: Require-Capability: osgi.ee; filter:="(&(osgi.ee=JavaSE)(version=1.7))"


!ENTRY org.artop.aal.validation 2 0 2025-11-21 19:25:37.681
!MESSAGE Could not resolve module: org.artop.aal.validation [39]
  Unresolved requirement: Require-Bundle: org.eclipse.sphinx.emf.validation; visibility:="reexport"
    -> Bundle-SymbolicName: org.eclipse.sphinx.emf.validation; bundle-version="0.9.1.201509170812"; singleton:="true"
       org.eclipse.sphinx.emf.validation [94]
         Unresolved requirement: Require-Bundle: org.eclipse.sphinx.emf; visibility:="reexport"
           -> Bundle-SymbolicName: org.eclipse.sphinx.emf; bundle-version="0.9.1.201509170812"; singleton:="true"
              org.eclipse.sphinx.emf [93]
                Unresolved requirement: Require-Bundle: org.eclipse.sphinx.platform; visibility:="reexport"
                  -> Bundle-SymbolicName: org.eclipse.sphinx.platform; bundle-version="0.9.1.201509170812"; singleton:="true"
                     org.eclipse.sphinx.platform [96]
                       Unresolved requirement: Require-Capability: osgi.ee; filter:="(&(osgi.ee=JavaSE)(version=1.7))"


!ENTRY de.bmw.vbf.arunit.coding 2 0 2025-11-21 19:25:37.684
!MESSAGE Could not resolve module: de.bmw.vbf.arunit.coding [9]
  Unresolved requirement: Require-Bundle: org.artop.arunit.generator; bundle-version="0.11.9"
    -> Bundle-SymbolicName: org.artop.arunit.generator; bundle-version="0.11.9.202102121433"; singleton:="true"
       org.artop.arunit.generator [40]
         Unresolved requirement: Import-Package: autosar40.util
           -> Export-Package: autosar40.util; bundle-symbolic-name="org.artop.aal.autosar422"; bundle-version="4.5.0.201510160945"; version="0.0.0"
              org.artop.aal.autosar422 [31]
                Unresolved requirement: Require-Bundle: org.artop.aal.serialization; visibility:="reexport"
                  -> Bundle-SymbolicName: org.artop.aal.serialization; bundle-version="4.5.0.201510160945"; singleton:="true"
                     org.artop.aal.serialization [38]
                       Unresolved requirement: Require-Bundle: org.artop.aal.common; visibility:="reexport"
                         -> Bundle-SymbolicName: org.artop.aal.common; bundle-version="4.5.0.201510160945"; singleton:="true"
                            org.artop.aal.common [34]
                              Unresolved requirement: Require-Bundle: org.eclipse.sphinx.emf; visibility:="reexport"
                                -> Bundle-SymbolicName: org.eclipse.sphinx.emf; bundle-version="0.9.1.201509170812"; singleton:="true"
                                   org.eclipse.sphinx.emf [93]
                                     Unresolved requirement: Require-Bundle: org.eclipse.sphinx.platform; visibility:="reexport"
                                       -> Bundle-SymbolicName: org.eclipse.sphinx.platform; bundle-version="0.9.1.201509170812"; singleton:="true"
                                          org.eclipse.sphinx.platform [96]
                                            Unresolved requirement: Require-Capability: osgi.ee; filter:="(&(osgi.ee=JavaSE)(version=1.7))"


!ENTRY org.artop.aal.autosar422 2 0 2025-11-21 19:25:37.686
!MESSAGE Could not resolve module: org.artop.aal.autosar422 [31]
  Unresolved requirement: Require-Bundle: org.artop.aal.serialization; visibility:="reexport"
    -> Bundle-SymbolicName: org.artop.aal.serialization; bundle-version="4.5.0.201510160945"; singleton:="true"
       org.artop.aal.serialization [38]
         Unresolved requirement: Require-Bundle: org.artop.aal.common; visibility:="reexport"
           -> Bundle-SymbolicName: org.artop.aal.common; bundle-version="4.5.0.201510160945"; singleton:="true"
              org.artop.aal.common [34]
                Unresolved requirement: Require-Bundle: org.eclipse.sphinx.emf; visibility:="reexport"
                  -> Bundle-SymbolicName: org.eclipse.sphinx.emf; bundle-version="0.9.1.201509170812"; singleton:="true"
                     org.eclipse.sphinx.emf [93]
                       Unresolved requirement: Require-Bundle: org.eclipse.sphinx.platform; visibility:="reexport"
                         -> Bundle-SymbolicName: org.eclipse.sphinx.platform; bundle-version="0.9.1.201509170812"; singleton:="true"
                            org.eclipse.sphinx.platform [96]
                              Unresolved requirement: Require-Capability: osgi.ee; filter:="(&(osgi.ee=JavaSE)(version=1.7))"


!ENTRY org.artop.aal.autosar422.services 2 0 2025-11-21 19:25:37.688
!MESSAGE Could not resolve module: org.artop.aal.autosar422.services [33]
  Unresolved requirement: Require-Bundle: org.artop.aal.gautosar.services; visibility:="reexport"
    -> Bundle-SymbolicName: org.artop.aal.gautosar.services; bundle-version="4.5.0.201510160945"; singleton:="true"
       org.artop.aal.gautosar.services [37]
         Unresolved requirement: Require-Bundle: org.eclipse.sphinx.emf
           -> Bundle-SymbolicName: org.eclipse.sphinx.emf; bundle-version="0.9.1.201509170812"; singleton:="true"
              org.eclipse.sphinx.emf [93]
                Unresolved requirement: Require-Bundle: org.eclipse.sphinx.platform; visibility:="reexport"
                  -> Bundle-SymbolicName: org.eclipse.sphinx.platform; bundle-version="0.9.1.201509170812"; singleton:="true"
                     org.eclipse.sphinx.platform [96]
                       Unresolved requirement: Require-Capability: osgi.ee; filter:="(&(osgi.ee=JavaSE)(version=1.7))"


!ENTRY org.eclipse.sphinx.emf 2 0 2025-11-21 19:25:37.691
!MESSAGE Could not resolve module: org.eclipse.sphinx.emf [93]
  Unresolved requirement: Require-Bundle: org.eclipse.sphinx.platform; visibility:="reexport"
    -> Bundle-SymbolicName: org.eclipse.sphinx.platform; bundle-version="0.9.1.201509170812"; singleton:="true"
       org.eclipse.sphinx.platform [96]
         Unresolved requirement: Require-Capability: osgi.ee; filter:="(&(osgi.ee=JavaSE)(version=1.7))"


!ENTRY org.artop.aal.autosar3x.services 2 0 2025-11-21 19:25:37.693
!MESSAGE Could not resolve module: org.artop.aal.autosar3x.services [27]
  Unresolved requirement: Require-Bundle: org.artop.aal.gautosar.services; bundle-version="4.1.0"; visibility:="reexport"
    -> Bundle-SymbolicName: org.artop.aal.gautosar.services; bundle-version="4.5.0.201510160945"; singleton:="true"
       org.artop.aal.gautosar.services [37]
         Unresolved requirement: Require-Bundle: org.eclipse.sphinx.emf
           -> Bundle-SymbolicName: org.eclipse.sphinx.emf; bundle-version="0.9.1.201509170812"; singleton:="true"
              org.eclipse.sphinx.emf [93]
                Unresolved requirement: Require-Bundle: org.eclipse.sphinx.platform; visibility:="reexport"
                  -> Bundle-SymbolicName: org.eclipse.sphinx.platform; bundle-version="0.9.1.201509170812"; singleton:="true"
                     org.eclipse.sphinx.platform [96]
                       Unresolved requirement: Require-Capability: osgi.ee; filter:="(&(osgi.ee=JavaSE)(version=1.7))"


!ENTRY org.artop.aal.autosar21 2 0 2025-11-21 19:25:37.696
!MESSAGE Could not resolve module: org.artop.aal.autosar21 [23]
  Unresolved requirement: Require-Bundle: org.artop.aal.autosar215; visibility:="reexport"
    -> Bundle-SymbolicName: org.artop.aal.autosar215; bundle-version="4.5.0.201510160945"; singleton:="true"
       org.artop.aal.autosar215 [24]
         Unresolved requirement: Require-Bundle: org.artop.aal.serialization; visibility:="reexport"
           -> Bundle-SymbolicName: org.artop.aal.serialization; bundle-version="4.5.0.201510160945"; singleton:="true"
              org.artop.aal.serialization [38]
                Unresolved requirement: Require-Bundle: org.artop.aal.common; visibility:="reexport"
                  -> Bundle-SymbolicName: org.artop.aal.common; bundle-version="4.5.0.201510160945"; singleton:="true"
                     org.artop.aal.common [34]
                       Unresolved requirement: Require-Bundle: org.eclipse.sphinx.emf; visibility:="reexport"
                         -> Bundle-SymbolicName: org.eclipse.sphinx.emf; bundle-version="0.9.1.201509170812"; singleton:="true"
                            org.eclipse.sphinx.emf [93]
                              Unresolved requirement: Require-Bundle: org.eclipse.sphinx.platform; visibility:="reexport"
                                -> Bundle-SymbolicName: org.eclipse.sphinx.platform; bundle-version="0.9.1.201509170812"; singleton:="true"
                                   org.eclipse.sphinx.platform [96]
                                     Unresolved requirement: Require-Capability: osgi.ee; filter:="(&(osgi.ee=JavaSE)(version=1.7))"


!ENTRY org.artop.arunit.rte 2 0 2025-11-21 19:25:37.698
!MESSAGE Could not resolve module: org.artop.arunit.rte [44]
  Unresolved requirement: Require-Capability: osgi.ee; filter:="(&(osgi.ee=JavaSE)(version=1.8))"


!ENTRY de.bmw.arunit.cs.generator 2 0 2025-11-21 19:25:37.700
!MESSAGE Could not resolve module: de.bmw.arunit.cs.generator [5]
  Unresolved requirement: Require-Bundle: org.artop.arunit.rte; bundle-version="0.11.9"
    -> Bundle-SymbolicName: org.artop.arunit.rte; bundle-version="0.11.9.202102121433"; singleton:="true"
       org.artop.arunit.rte [44]
         Unresolved requirement: Require-Capability: osgi.ee; filter:="(&(osgi.ee=JavaSE)(version=1.8))"


!ENTRY de.bmw.arunit.tcf 2 0 2025-11-21 19:25:37.703
!MESSAGE Could not resolve module: de.bmw.arunit.tcf [8]
  Unresolved requirement: Require-Bundle: org.artop.arunit.generator; bundle-version="0.11.9"
    -> Bundle-SymbolicName: org.artop.arunit.generator; bundle-version="0.11.9.202102121433"; singleton:="true"
       org.artop.arunit.generator [40]
         Unresolved requirement: Import-Package: autosar40.util
           -> Export-Package: autosar40.util; bundle-symbolic-name="org.artop.aal.autosar422"; bundle-version="4.5.0.201510160945"; version="0.0.0"
              org.artop.aal.autosar422 [31]
                Unresolved requirement: Require-Bundle: org.artop.aal.serialization; visibility:="reexport"
                  -> Bundle-SymbolicName: org.artop.aal.serialization; bundle-version="4.5.0.201510160945"; singleton:="true"
                     org.artop.aal.serialization [38]
                       Unresolved requirement: Require-Bundle: org.artop.aal.common; visibility:="reexport"
                         -> Bundle-SymbolicName: org.artop.aal.common; bundle-version="4.5.0.201510160945"; singleton:="true"
                            org.artop.aal.common [34]
                              Unresolved requirement: Require-Bundle: org.eclipse.sphinx.emf; visibility:="reexport"
                                -> Bundle-SymbolicName: org.eclipse.sphinx.emf; bundle-version="0.9.1.201509170812"; singleton:="true"
                                   org.eclipse.sphinx.emf [93]
                                     Unresolved requirement: Require-Bundle: org.eclipse.sphinx.platform; visibility:="reexport"
                                       -> Bundle-SymbolicName: org.eclipse.sphinx.platform; bundle-version="0.9.1.201509170812"; singleton:="true"
                                          org.eclipse.sphinx.platform [96]
                                            Unresolved requirement: Require-Capability: osgi.ee; filter:="(&(osgi.ee=JavaSE)(version=1.7))"


!ENTRY org.artop.arunit.gmock.generator 2 0 2025-11-21 19:25:37.705
!MESSAGE Could not resolve module: org.artop.arunit.gmock.generator [41]
  Unresolved requirement: Require-Bundle: org.artop.arunit.rte; bundle-version="0.11.9"
    -> Bundle-SymbolicName: org.artop.arunit.rte; bundle-version="0.11.9.202102121433"; singleton:="true"
       org.artop.arunit.rte [44]
         Unresolved requirement: Require-Capability: osgi.ee; filter:="(&(osgi.ee=JavaSE)(version=1.8))"


!ENTRY org.artop.arunit.transformer 2 0 2025-11-21 19:25:37.708
!MESSAGE Could not resolve module: org.artop.arunit.transformer [45]
  Unresolved requirement: Import-Package: autosar3x.commonstructure.datadefproperties
    -> Export-Package: autosar3x.commonstructure.datadefproperties; bundle-symbolic-name="org.artop.aal.autosar322"; bundle-version="4.5.0.201510160945"; version="0.0.0"
       org.artop.aal.autosar322 [25]
         Unresolved requirement: Require-Bundle: org.artop.aal.serialization; visibility:="reexport"
           -> Bundle-SymbolicName: org.artop.aal.serialization; bundle-version="4.5.0.201510160945"; singleton:="true"
              org.artop.aal.serialization [38]
                Unresolved requirement: Require-Bundle: org.artop.aal.common; visibility:="reexport"
                  -> Bundle-SymbolicName: org.artop.aal.common; bundle-version="4.5.0.201510160945"; singleton:="true"
                     org.artop.aal.common [34]
                       Unresolved requirement: Require-Bundle: org.eclipse.sphinx.emf; visibility:="reexport"
                         -> Bundle-SymbolicName: org.eclipse.sphinx.emf; bundle-version="0.9.1.201509170812"; singleton:="true"
                            org.eclipse.sphinx.emf [93]
                              Unresolved requirement: Require-Bundle: org.eclipse.sphinx.platform; visibility:="reexport"
                                -> Bundle-SymbolicName: org.eclipse.sphinx.platform; bundle-version="0.9.1.201509170812"; singleton:="true"
                                   org.eclipse.sphinx.platform [96]
                                     Unresolved requirement: Require-Capability: osgi.ee; filter:="(&(osgi.ee=JavaSE)(version=1.7))"


!ENTRY de.bmw.arunit.gmock.virtual 2 0 2025-11-21 19:25:37.710
!MESSAGE Could not resolve module: de.bmw.arunit.gmock.virtual [7]
  Unresolved requirement: Require-Bundle: org.artop.arunit.gmock.generator; bundle-version="0.11.9"
    -> Bundle-SymbolicName: org.artop.arunit.gmock.generator; bundle-version="0.11.9.202102121433"; singleton:="true"
       org.artop.arunit.gmock.generator [41]
         Unresolved requirement: Require-Bundle: org.artop.arunit.rte; bundle-version="0.11.9"
           -> Bundle-SymbolicName: org.artop.arunit.rte; bundle-version="0.11.9.202102121433"; singleton:="true"
              org.artop.arunit.rte [44]
                Unresolved requirement: Require-Capability: osgi.ee; filter:="(&(osgi.ee=JavaSE)(version=1.8))"


!ENTRY org.artop.eel.serialization 2 0 2025-11-21 19:25:37.712
!MESSAGE Could not resolve module: org.artop.eel.serialization [48]
  Unresolved requirement: Require-Bundle: org.eclipse.sphinx.emf
    -> Bundle-SymbolicName: org.eclipse.sphinx.emf; bundle-version="0.9.1.201509170812"; singleton:="true"
       org.eclipse.sphinx.emf [93]
         Unresolved requirement: Require-Bundle: org.eclipse.sphinx.platform; visibility:="reexport"
           -> Bundle-SymbolicName: org.eclipse.sphinx.platform; bundle-version="0.9.1.201509170812"; singleton:="true"
              org.eclipse.sphinx.platform [96]
                Unresolved requirement: Require-Capability: osgi.ee; filter:="(&(osgi.ee=JavaSE)(version=1.7))"


!ENTRY org.artop.aal.autosar422.edit 2 0 2025-11-21 19:25:37.715
!MESSAGE Could not resolve module: org.artop.aal.autosar422.edit [32]
  Unresolved requirement: Require-Bundle: org.artop.aal.autosar422; visibility:="reexport"
    -> Bundle-SymbolicName: org.artop.aal.autosar422; bundle-version="4.5.0.201510160945"; singleton:="true"
       org.artop.aal.autosar422 [31]
         Unresolved requirement: Require-Bundle: org.artop.aal.serialization; visibility:="reexport"
           -> Bundle-SymbolicName: org.artop.aal.serialization; bundle-version="4.5.0.201510160945"; singleton:="true"
              org.artop.aal.serialization [38]
                Unresolved requirement: Require-Bundle: org.artop.aal.common; visibility:="reexport"
                  -> Bundle-SymbolicName: org.artop.aal.common; bundle-version="4.5.0.201510160945"; singleton:="true"
                     org.artop.aal.common [34]
                       Unresolved requirement: Require-Bundle: org.eclipse.sphinx.emf; visibility:="reexport"
                         -> Bundle-SymbolicName: org.eclipse.sphinx.emf; bundle-version="0.9.1.201509170812"; singleton:="true"
                            org.eclipse.sphinx.emf [93]
                              Unresolved requirement: Require-Bundle: org.eclipse.sphinx.platform; visibility:="reexport"
                                -> Bundle-SymbolicName: org.eclipse.sphinx.platform; bundle-version="0.9.1.201509170812"; singleton:="true"
                                   org.eclipse.sphinx.platform [96]
                                     Unresolved requirement: Require-Capability: osgi.ee; filter:="(&(osgi.ee=JavaSE)(version=1.7))"


!ENTRY org.artop.eel.common 2 0 2025-11-21 19:25:37.716
!MESSAGE Could not resolve module: org.artop.eel.common [47]
  Unresolved requirement: Require-Bundle: org.eclipse.sphinx.emf
    -> Bundle-SymbolicName: org.eclipse.sphinx.emf; bundle-version="0.9.1.201509170812"; singleton:="true"
       org.eclipse.sphinx.emf [93]
         Unresolved requirement: Require-Bundle: org.eclipse.sphinx.platform; visibility:="reexport"
           -> Bundle-SymbolicName: org.eclipse.sphinx.platform; bundle-version="0.9.1.201509170812"; singleton:="true"
              org.eclipse.sphinx.platform [96]
                Unresolved requirement: Require-Capability: osgi.ee; filter:="(&(osgi.ee=JavaSE)(version=1.7))"


!ENTRY org.artop.aal.gautosar.edit 2 0 2025-11-21 19:25:37.718
!MESSAGE Could not resolve module: org.artop.aal.gautosar.edit [36]
  Unresolved requirement: Require-Bundle: org.artop.aal.gautosar; visibility:="reexport"
    -> Bundle-SymbolicName: org.artop.aal.gautosar; bundle-version="4.5.0.201510160945"; singleton:="true"
       org.artop.aal.gautosar [35]
         Unresolved requirement: Require-Bundle: org.eclipse.sphinx.platform; visibility:="reexport"
           -> Bundle-SymbolicName: org.eclipse.sphinx.platform; bundle-version="0.9.1.201509170812"; singleton:="true"
              org.eclipse.sphinx.platform [96]
                Unresolved requirement: Require-Capability: osgi.ee; filter:="(&(osgi.ee=JavaSE)(version=1.7))"


!ENTRY org.eclipse.sphinx.emf.validation.bridge 2 0 2025-11-21 19:25:37.721
!MESSAGE Could not resolve module: org.eclipse.sphinx.emf.validation.bridge [95]
  Unresolved requirement: Require-Bundle: org.eclipse.sphinx.platform
    -> Bundle-SymbolicName: org.eclipse.sphinx.platform; bundle-version="0.9.1.201509170812"; singleton:="true"
       org.eclipse.sphinx.platform [96]
         Unresolved requirement: Require-Capability: osgi.ee; filter:="(&(osgi.ee=JavaSE)(version=1.7))"


!ENTRY org.eclipse.sphinx.platform 2 0 2025-11-21 19:25:37.723
!MESSAGE Could not resolve module: org.eclipse.sphinx.platform [96]
  Unresolved requirement: Require-Capability: osgi.ee; filter:="(&(osgi.ee=JavaSE)(version=1.7))"


!ENTRY org.artop.aal.common 2 0 2025-11-21 19:25:37.727
!MESSAGE Could not resolve module: org.artop.aal.common [34]
  Unresolved requirement: Require-Bundle: org.eclipse.sphinx.emf; visibility:="reexport"
    -> Bundle-SymbolicName: org.eclipse.sphinx.emf; bundle-version="0.9.1.201509170812"; singleton:="true"
       org.eclipse.sphinx.emf [93]
         Unresolved requirement: Require-Bundle: org.eclipse.sphinx.platform; visibility:="reexport"
           -> Bundle-SymbolicName: org.eclipse.sphinx.platform; bundle-version="0.9.1.201509170812"; singleton:="true"
              org.eclipse.sphinx.platform [96]
                Unresolved requirement: Require-Capability: osgi.ee; filter:="(&(osgi.ee=JavaSE)(version=1.7))"


!ENTRY org.artop.aal.autosar215 2 0 2025-11-21 19:25:37.729
!MESSAGE Could not resolve module: org.artop.aal.autosar215 [24]
  Unresolved requirement: Require-Bundle: org.artop.aal.serialization; visibility:="reexport"
    -> Bundle-SymbolicName: org.artop.aal.serialization; bundle-version="4.5.0.201510160945"; singleton:="true"
       org.artop.aal.serialization [38]
         Unresolved requirement: Require-Bundle: org.artop.aal.common; visibility:="reexport"
           -> Bundle-SymbolicName: org.artop.aal.common; bundle-version="4.5.0.201510160945"; singleton:="true"
              org.artop.aal.common [34]
                Unresolved requirement: Require-Bundle: org.eclipse.sphinx.emf; visibility:="reexport"
                  -> Bundle-SymbolicName: org.eclipse.sphinx.emf; bundle-version="0.9.1.201509170812"; singleton:="true"
                     org.eclipse.sphinx.emf [93]
                       Unresolved requirement: Require-Bundle: org.eclipse.sphinx.platform; visibility:="reexport"
                         -> Bundle-SymbolicName: org.eclipse.sphinx.platform; bundle-version="0.9.1.201509170812"; singleton:="true"
                            org.eclipse.sphinx.platform [96]
                              Unresolved requirement: Require-Capability: osgi.ee; filter:="(&(osgi.ee=JavaSE)(version=1.7))"


!ENTRY org.eclipse.sphinx.emf.validation 2 0 2025-11-21 19:25:37.732
!MESSAGE Could not resolve module: org.eclipse.sphinx.emf.validation [94]
  Unresolved requirement: Require-Bundle: org.eclipse.sphinx.emf; visibility:="reexport"
    -> Bundle-SymbolicName: org.eclipse.sphinx.emf; bundle-version="0.9.1.201509170812"; singleton:="true"
       org.eclipse.sphinx.emf [93]
         Unresolved requirement: Require-Bundle: org.eclipse.sphinx.platform; visibility:="reexport"
           -> Bundle-SymbolicName: org.eclipse.sphinx.platform; bundle-version="0.9.1.201509170812"; singleton:="true"
              org.eclipse.sphinx.platform [96]
                Unresolved requirement: Require-Capability: osgi.ee; filter:="(&(osgi.ee=JavaSE)(version=1.7))"


!ENTRY org.artop.aal.gautosar 2 0 2025-11-21 19:25:37.734
!MESSAGE Could not resolve module: org.artop.aal.gautosar [35]
  Unresolved requirement: Require-Bundle: org.eclipse.sphinx.platform; visibility:="reexport"
    -> Bundle-SymbolicName: org.eclipse.sphinx.platform; bundle-version="0.9.1.201509170812"; singleton:="true"
       org.eclipse.sphinx.platform [96]
         Unresolved requirement: Require-Capability: osgi.ee; filter:="(&(osgi.ee=JavaSE)(version=1.7))"


!ENTRY org.artop.aal.autosar40.services.common 2 0 2025-11-21 19:25:37.739
!MESSAGE Could not resolve module: org.artop.aal.autosar40.services.common [30]
  Unresolved requirement: Require-Bundle: org.artop.aal.gautosar.services
    -> Bundle-SymbolicName: org.artop.aal.gautosar.services; bundle-version="4.5.0.201510160945"; singleton:="true"
       org.artop.aal.gautosar.services [37]
         Unresolved requirement: Require-Bundle: org.eclipse.sphinx.emf
           -> Bundle-SymbolicName: org.eclipse.sphinx.emf; bundle-version="0.9.1.201509170812"; singleton:="true"
              org.eclipse.sphinx.emf [93]
                Unresolved requirement: Require-Bundle: org.eclipse.sphinx.platform; visibility:="reexport"
                  -> Bundle-SymbolicName: org.eclipse.sphinx.platform; bundle-version="0.9.1.201509170812"; singleton:="true"
                     org.eclipse.sphinx.platform [96]
                       Unresolved requirement: Require-Capability: osgi.ee; filter:="(&(osgi.ee=JavaSE)(version=1.7))"


!ENTRY org.artop.arunit.logging 2 0 2025-11-21 19:25:37.742
!MESSAGE Could not resolve module: org.artop.arunit.logging [43]
  Unresolved requirement: Require-Capability: osgi.ee; filter:="(&(osgi.ee=JavaSE)(version=1.8))"


!ENTRY org.artop.aal.autosar322 2 0 2025-11-21 19:25:37.744
!MESSAGE Could not resolve module: org.artop.aal.autosar322 [25]
  Unresolved requirement: Require-Bundle: org.artop.aal.serialization; visibility:="reexport"
    -> Bundle-SymbolicName: org.artop.aal.serialization; bundle-version="4.5.0.201510160945"; singleton:="true"
       org.artop.aal.serialization [38]
         Unresolved requirement: Require-Bundle: org.artop.aal.common; visibility:="reexport"
           -> Bundle-SymbolicName: org.artop.aal.common; bundle-version="4.5.0.201510160945"; singleton:="true"
              org.artop.aal.common [34]
                Unresolved requirement: Require-Bundle: org.eclipse.sphinx.emf; visibility:="reexport"
                  -> Bundle-SymbolicName: org.eclipse.sphinx.emf; bundle-version="0.9.1.201509170812"; singleton:="true"
                     org.eclipse.sphinx.emf [93]
                       Unresolved requirement: Require-Bundle: org.eclipse.sphinx.platform; visibility:="reexport"
                         -> Bundle-SymbolicName: org.eclipse.sphinx.platform; bundle-version="0.9.1.201509170812"; singleton:="true"
                            org.eclipse.sphinx.platform [96]
                              Unresolved requirement: Require-Capability: osgi.ee; filter:="(&(osgi.ee=JavaSE)(version=1.7))"


!ENTRY org.eclipse.osgi 4 0 2025-11-21 19:25:37.748
!MESSAGE Application error
!STACK 1
java.lang.RuntimeException: Application "org.artop.arunit.headless.generator" could not be found in the registry. The applications available are: org.eclipse.equinox.app.error, org.eclipse.equinox.p2.director, org.eclipse.equinox.p2.garbagecollector.application, org.eclipse.equinox.p2.publisher.InstallPublisher, org.eclipse.equinox.p2.publisher.EclipseGenerator, org.eclipse.equinox.p2.publisher.ProductPublisher, org.eclipse.equinox.p2.publisher.FeaturesAndBundlesPublisher, org.eclipse.equinox.p2.repository.repo2runnable, org.eclipse.equinox.p2.repository.metadataverifier, org.eclipse.equinox.p2.artifact.repository.mirrorApplication, org.eclipse.equinox.p2.metadata.repository.mirrorApplication.
	at org.eclipse.equinox.internal.app.EclipseAppContainer.startDefaultApp(EclipseAppContainer.java:248)
	at org.eclipse.equinox.internal.app.MainApplicationLauncher.run(MainApplicationLauncher.java:29)
	at org.eclipse.core.runtime.internal.adaptor.EclipseAppLauncher.runApplication(EclipseAppLauncher.java:134)
	at org.eclipse.core.runtime.internal.adaptor.EclipseAppLauncher.start(EclipseAppLauncher.java:104)
	at org.eclipse.core.runtime.adaptor.EclipseStarter.run(EclipseStarter.java:380)
	at org.eclipse.core.runtime.adaptor.EclipseStarter.run(EclipseStarter.java:235)
	at java.base/jdk.internal.reflect.DirectMethodHandleAccessor.invoke(DirectMethodHandleAccessor.java:103)
	at java.base/java.lang.reflect.Method.invoke(Method.java:580)
	at org.eclipse.equinox.launcher.Main.invokeFramework(Main.java:648)
	at org.eclipse.equinox.launcher.Main.basicRun(Main.java:603)
	at org.eclipse.equinox.launcher.Main.run(Main.java:1465)
	at org.eclipse.equinox.launcher.Main.main(Main.java:1438)
